2019-11-02 15:50:48.304051: I tensorflow/core/platform/cpu_feature_guard.cc:141] Your CPU supports instructions that this TensorFlow binary was not compiled to use: SSE4.1 SSE4.2 AVX AVX2 FMA
2019-11-02 15:50:48.313170: E tensorflow/stream_executor/cuda/cuda_driver.cc:397] failed call to cuInit: CUDA_ERROR_NO_DEVICE
2019-11-02 15:50:48.313271: I tensorflow/stream_executor/cuda/cuda_diagnostics.cc:163] retrieving CUDA diagnostic information for host: rocco
2019-11-02 15:50:48.313354: I tensorflow/stream_executor/cuda/cuda_diagnostics.cc:170] hostname: rocco
2019-11-02 15:50:48.313442: I tensorflow/stream_executor/cuda/cuda_diagnostics.cc:194] libcuda reported version is: 410.104.0
2019-11-02 15:50:48.313507: I tensorflow/stream_executor/cuda/cuda_diagnostics.cc:198] kernel reported version is: 410.104.0
2019-11-02 15:50:48.313559: I tensorflow/stream_executor/cuda/cuda_diagnostics.cc:305] kernel version seems to match DSO: 410.104.0
2019-11-02 19:18:50.681156: W tensorflow/core/framework/op_kernel.cc:1275] OP_REQUIRES failed at save_restore_v2_ops.cc:109 : Not found: ; No such file or directory
Traceback (most recent call last):
  File "/clusterFS/home/student/kopp13/miniconda3/envs/tensorflow/lib/python3.5/site-packages/tensorflow/python/client/session.py", line 1278, in _do_call
    return fn(*args)
  File "/clusterFS/home/student/kopp13/miniconda3/envs/tensorflow/lib/python3.5/site-packages/tensorflow/python/client/session.py", line 1263, in _run_fn
    options, feed_dict, fetch_list, target_list, run_metadata)
  File "/clusterFS/home/student/kopp13/miniconda3/envs/tensorflow/lib/python3.5/site-packages/tensorflow/python/client/session.py", line 1350, in _call_tf_sessionrun
    run_metadata)
tensorflow.python.framework.errors_impl.NotFoundError: ; No such file or directory
	 [[Node: save/SaveV2 = SaveV2[dtypes=[DT_FLOAT, DT_FLOAT, DT_FLOAT, DT_FLOAT, DT_FLOAT, ..., DT_FLOAT, DT_FLOAT, DT_FLOAT, DT_FLOAT, DT_FLOAT], _device="/job:localhost/replica:0/task:0/device:CPU:0"](_arg_save/Const_0_0, save/SaveV2/tensor_names, save/SaveV2/shape_and_slices, lstm_0/bc, lstm_0/bi, lstm_0/bo, lstm_0/wc, lstm_0/wi, lstm_0/wo, lstm_1/bc, lstm_1/bi, lstm_1/bo, lstm_1/wc, lstm_1/wi, lstm_1/wo, output_layer/b, output_layer/w, te/LayerNorm/beta, te/LayerNorm/gamma, te/LayerNorm_1/beta, te/LayerNorm_1/gamma, te/LayerNorm_10/beta, te/LayerNorm_10/gamma, te/LayerNorm_11/beta, te/LayerNorm_11/gamma, te/LayerNorm_12/beta, te/LayerNorm_12/gamma, te/LayerNorm_13/beta, te/LayerNorm_13/gamma, te/LayerNorm_14/beta, te/LayerNorm_14/gamma, te/LayerNorm_15/beta, te/LayerNorm_15/gamma, te/LayerNorm_16/beta, te/LayerNorm_16/gamma, te/LayerNorm_17/beta, te/LayerNorm_17/gamma, te/LayerNorm_18/beta, te/LayerNorm_18/gamma, te/LayerNorm_19/beta, te/LayerNorm_19/gamma, te/LayerNorm_2/beta, te/LayerNorm_2/gamma, te/LayerNorm_20/beta, te/LayerNorm_20/gamma, te/LayerNorm_21/beta, te/LayerNorm_21/gamma, te/LayerNorm_22/beta, te/LayerNorm_22/gamma, te/LayerNorm_23/beta, te/LayerNorm_23/gamma, te/LayerNorm_24/beta, te/LayerNorm_24/gamma, te/LayerNorm_25/beta, te/LayerNorm_25/gamma, te/LayerNorm_26/beta, te/LayerNorm_26/gamma, te/LayerNorm_27/beta, te/LayerNorm_27/gamma, te/LayerNorm_28/beta, te/LayerNorm_28/gamma, te/LayerNorm_29/beta, te/LayerNorm_29/gamma, te/LayerNorm_3/beta, te/LayerNorm_3/gamma, te/LayerNorm_30/beta, te/LayerNorm_30/gamma, te/LayerNorm_31/beta, te/LayerNorm_31/gamma, te/LayerNorm_32/beta, te/LayerNorm_32/gamma, te/LayerNorm_33/beta, te/LayerNorm_33/gamma, te/LayerNorm_34/beta, te/LayerNorm_34/gamma, te/LayerNorm_35/beta, te/LayerNorm_35/gamma, te/LayerNorm_36/beta, te/LayerNorm_36/gamma, te/LayerNorm_37/beta, te/LayerNorm_37/gamma, te/LayerNorm_38/beta, te/LayerNorm_38/gamma, te/LayerNorm_39/beta, te/LayerNorm_39/gamma, te/LayerNorm_4/beta, te/LayerNorm_4/gamma, te/LayerNorm_40/beta, te/LayerNorm_40/gamma, te/LayerNorm_41/beta, te/LayerNorm_41/gamma, te/LayerNorm_42/beta, te/LayerNorm_42/gamma, te/LayerNorm_43/beta, te/LayerNorm_43/gamma, te/LayerNorm_44/beta, te/LayerNorm_44/gamma, te/LayerNorm_45/beta, te/LayerNorm_45/gamma, te/LayerNorm_46/beta, te/LayerNorm_46/gamma, te/LayerNorm_47/beta, te/LayerNorm_47/gamma, te/LayerNorm_48/beta, te/LayerNorm_48/gamma, te/LayerNorm_49/beta, te/LayerNorm_49/gamma, te/LayerNorm_5/beta, te/LayerNorm_5/gamma, te/LayerNorm_50/beta, te/LayerNorm_50/gamma, te/LayerNorm_51/beta, te/LayerNorm_51/gamma, te/LayerNorm_52/beta, te/LayerNorm_52/gamma, te/LayerNorm_53/beta, te/LayerNorm_53/gamma, te/LayerNorm_54/beta, te/LayerNorm_54/gamma, te/LayerNorm_55/beta, te/LayerNorm_55/gamma, te/LayerNorm_56/beta, te/LayerNorm_56/gamma, te/LayerNorm_57/beta, te/LayerNorm_57/gamma, te/LayerNorm_58/beta, te/LayerNorm_58/gamma, te/LayerNorm_59/beta, te/LayerNorm_59/gamma, te/LayerNorm_6/beta, te/LayerNorm_6/gamma, te/LayerNorm_60/beta, te/LayerNorm_60/gamma, te/LayerNorm_61/beta, te/LayerNorm_61/gamma, te/LayerNorm_62/beta, te/LayerNorm_62/gamma, te/LayerNorm_63/beta, te/LayerNorm_63/gamma, te/LayerNorm_64/beta, te/LayerNorm_64/gamma, te/LayerNorm_65/beta, te/LayerNorm_65/gamma, te/LayerNorm_66/beta, te/LayerNorm_66/gamma, te/LayerNorm_67/beta, te/LayerNorm_67/gamma, te/LayerNorm_68/beta, te/LayerNorm_68/gamma, te/LayerNorm_69/beta, te/LayerNorm_69/gamma, te/LayerNorm_7/beta, te/LayerNorm_7/gamma, te/LayerNorm_8/beta, te/LayerNorm_8/gamma, te/LayerNorm_9/beta, te/LayerNorm_9/gamma, training/LayerNorm/beta, training/LayerNorm/gamma, training/LayerNorm_1/beta, training/LayerNorm_1/gamma, training/LayerNorm_10/beta, training/LayerNorm_10/gamma, training/LayerNorm_11/beta, training/LayerNorm_11/gamma, training/LayerNorm_12/beta, training/LayerNorm_12/gamma, training/LayerNorm_13/beta, training/LayerNorm_13/gamma, training/LayerNorm_14/beta, training/LayerNorm_14/gamma, training/LayerNorm_15/beta, training/LayerNorm_15/gamma, training/LayerNorm_16/beta, training/LayerNorm_16/gamma, training/LayerNorm_17/beta, training/LayerNorm_17/gamma, training/LayerNorm_18/beta, training/LayerNorm_18/gamma, training/LayerNorm_19/beta, training/LayerNorm_19/gamma, training/LayerNorm_2/beta, training/LayerNorm_2/gamma, training/LayerNorm_20/beta, training/LayerNorm_20/gamma, training/LayerNorm_21/beta, training/LayerNorm_21/gamma, training/LayerNorm_22/beta, training/LayerNorm_22/gamma, training/LayerNorm_23/beta, training/LayerNorm_23/gamma, training/LayerNorm_24/beta, training/LayerNorm_24/gamma, training/LayerNorm_25/beta, training/LayerNorm_25/gamma, training/LayerNorm_26/beta, training/LayerNorm_26/gamma, training/LayerNorm_27/beta, training/LayerNorm_27/gamma, training/LayerNorm_28/beta, training/LayerNorm_28/gamma, training/LayerNorm_29/beta, training/LayerNorm_29/gamma, training/LayerNorm_3/beta, training/LayerNorm_3/gamma, training/LayerNorm_30/beta, training/LayerNorm_30/gamma, training/LayerNorm_31/beta, training/LayerNorm_31/gamma, training/LayerNorm_32/beta, training/LayerNorm_32/gamma, training/LayerNorm_33/beta, training/LayerNorm_33/gamma, training/LayerNorm_34/beta, training/LayerNorm_34/gamma, training/LayerNorm_35/beta, training/LayerNorm_35/gamma, training/LayerNorm_36/beta, training/LayerNorm_36/gamma, training/LayerNorm_37/beta, training/LayerNorm_37/gamma, training/LayerNorm_38/beta, training/LayerNorm_38/gamma, training/LayerNorm_39/beta, training/LayerNorm_39/gamma, training/LayerNorm_4/beta, training/LayerNorm_4/gamma, training/LayerNorm_40/beta, training/LayerNorm_40/gamma, training/LayerNorm_41/beta, training/LayerNorm_41/gamma, training/LayerNorm_42/beta, training/LayerNorm_42/gamma, training/LayerNorm_43/beta, training/LayerNorm_43/gamma, training/LayerNorm_44/beta, training/LayerNorm_44/gamma, training/LayerNorm_45/beta, training/LayerNorm_45/gamma, training/LayerNorm_46/beta, training/LayerNorm_46/gamma, training/LayerNorm_47/beta, training/LayerNorm_47/gamma, training/LayerNorm_48/beta, training/LayerNorm_48/gamma, training/LayerNorm_49/beta, training/LayerNorm_49/gamma, training/LayerNorm_5/beta, training/LayerNorm_5/gamma, training/LayerNorm_50/beta, training/LayerNorm_50/gamma, training/LayerNorm_51/beta, training/LayerNorm_51/gamma, training/LayerNorm_52/beta, training/LayerNorm_52/gamma, training/LayerNorm_53/beta, training/LayerNorm_53/gamma, training/LayerNorm_54/beta, training/LayerNorm_54/gamma, training/LayerNorm_55/beta, training/LayerNorm_55/gamma, training/LayerNorm_56/beta, training/LayerNorm_56/gamma, training/LayerNorm_57/beta, training/LayerNorm_57/gamma, training/LayerNorm_58/beta, training/LayerNorm_58/gamma, training/LayerNorm_59/beta, training/LayerNorm_59/gamma, training/LayerNorm_6/beta, training/LayerNorm_6/gamma, training/LayerNorm_60/beta, training/LayerNorm_60/gamma, training/LayerNorm_61/beta, training/LayerNorm_61/gamma, training/LayerNorm_62/beta, training/LayerNorm_62/gamma, training/LayerNorm_63/beta, training/LayerNorm_63/gamma, training/LayerNorm_64/beta, training/LayerNorm_64/gamma, training/LayerNorm_65/beta, training/LayerNorm_65/gamma, training/LayerNorm_66/beta, training/LayerNorm_66/gamma, training/LayerNorm_67/beta, training/LayerNorm_67/gamma, training/LayerNorm_68/beta, training/LayerNorm_68/gamma, training/LayerNorm_69/beta, training/LayerNorm_69/gamma, training/LayerNorm_7/beta, training/LayerNorm_7/gamma, training/LayerNorm_8/beta, training/LayerNorm_8/gamma, training/LayerNorm_9/beta, training/LayerNorm_9/gamma, va/LayerNorm/beta, va/LayerNorm/gamma, va/LayerNorm_1/beta, va/LayerNorm_1/gamma, va/LayerNorm_10/beta, va/LayerNorm_10/gamma, va/LayerNorm_11/beta, va/LayerNorm_11/gamma, va/LayerNorm_12/beta, va/LayerNorm_12/gamma, va/LayerNorm_13/beta, va/LayerNorm_13/gamma, va/LayerNorm_14/beta, va/LayerNorm_14/gamma, va/LayerNorm_15/beta, va/LayerNorm_15/gamma, va/LayerNorm_16/beta, va/LayerNorm_16/gamma, va/LayerNorm_17/beta, va/LayerNorm_17/gamma, va/LayerNorm_18/beta, va/LayerNorm_18/gamma, va/LayerNorm_19/beta, va/LayerNorm_19/gamma, va/LayerNorm_2/beta, va/LayerNorm_2/gamma, va/LayerNorm_20/beta, va/LayerNorm_20/gamma, va/LayerNorm_21/beta, va/LayerNorm_21/gamma, va/LayerNorm_22/beta, va/LayerNorm_22/gamma, va/LayerNorm_23/beta, va/LayerNorm_23/gamma, va/LayerNorm_24/beta, va/LayerNorm_24/gamma, va/LayerNorm_25/beta, va/LayerNorm_25/gamma, va/LayerNorm_26/beta, va/LayerNorm_26/gamma, va/LayerNorm_27/beta, va/LayerNorm_27/gamma, va/LayerNorm_28/beta, va/LayerNorm_28/gamma, va/LayerNorm_29/beta, va/LayerNorm_29/gamma, va/LayerNorm_3/beta, va/LayerNorm_3/gamma, va/LayerNorm_30/beta, va/LayerNorm_30/gamma, va/LayerNorm_31/beta, va/LayerNorm_31/gamma, va/LayerNorm_32/beta, va/LayerNorm_32/gamma, va/LayerNorm_33/beta, va/LayerNorm_33/gamma, va/LayerNorm_34/beta, va/LayerNorm_34/gamma, va/LayerNorm_35/beta, va/LayerNorm_35/gamma, va/LayerNorm_36/beta, va/LayerNorm_36/gamma, va/LayerNorm_37/beta, va/LayerNorm_37/gamma, va/LayerNorm_38/beta, va/LayerNorm_38/gamma, va/LayerNorm_39/beta, va/LayerNorm_39/gamma, va/LayerNorm_4/beta, va/LayerNorm_4/gamma, va/LayerNorm_40/beta, va/LayerNorm_40/gamma, va/LayerNorm_41/beta, va/LayerNorm_41/gamma, va/LayerNorm_42/beta, va/LayerNorm_42/gamma, va/LayerNorm_43/beta, va/LayerNorm_43/gamma, va/LayerNorm_44/beta, va/LayerNorm_44/gamma, va/LayerNorm_45/beta, va/LayerNorm_45/gamma, va/LayerNorm_46/beta, va/LayerNorm_46/gamma, va/LayerNorm_47/beta, va/LayerNorm_47/gamma, va/LayerNorm_48/beta, va/LayerNorm_48/gamma, va/LayerNorm_49/beta, va/LayerNorm_49/gamma, va/LayerNorm_5/beta, va/LayerNorm_5/gamma, va/LayerNorm_50/beta, va/LayerNorm_50/gamma, va/LayerNorm_51/beta, va/LayerNorm_51/gamma, va/LayerNorm_52/beta, va/LayerNorm_52/gamma, va/LayerNorm_53/beta, va/LayerNorm_53/gamma, va/LayerNorm_54/beta, va/LayerNorm_54/gamma, va/LayerNorm_55/beta, va/LayerNorm_55/gamma, va/LayerNorm_56/beta, va/LayerNorm_56/gamma, va/LayerNorm_57/beta, va/LayerNorm_57/gamma, va/LayerNorm_58/beta, va/LayerNorm_58/gamma, va/LayerNorm_59/beta, va/LayerNorm_59/gamma, va/LayerNorm_6/beta, va/LayerNorm_6/gamma, va/LayerNorm_60/beta, va/LayerNorm_60/gamma, va/LayerNorm_61/beta, va/LayerNorm_61/gamma, va/LayerNorm_62/beta, va/LayerNorm_62/gamma, va/LayerNorm_63/beta, va/LayerNorm_63/gamma, va/LayerNorm_64/beta, va/LayerNorm_64/gamma, va/LayerNorm_65/beta, va/LayerNorm_65/gamma, va/LayerNorm_66/beta, va/LayerNorm_66/gamma, va/LayerNorm_67/beta, va/LayerNorm_67/gamma, va/LayerNorm_68/beta, va/LayerNorm_68/gamma, va/LayerNorm_69/beta, va/LayerNorm_69/gamma, va/LayerNorm_7/beta, va/LayerNorm_7/gamma, va/LayerNorm_8/beta, va/LayerNorm_8/gamma, va/LayerNorm_9/beta, va/LayerNorm_9/gamma)]]

During handling of the above exception, another exception occurred:

Traceback (most recent call last):
  File "/clusterFS/home/student/kopp13/miniconda3/envs/tensorflow/lib/python3.5/site-packages/tensorflow/python/training/saver.py", line 1620, in save
    {self.saver_def.filename_tensor_name: checkpoint_file})
  File "/clusterFS/home/student/kopp13/miniconda3/envs/tensorflow/lib/python3.5/site-packages/tensorflow/python/client/session.py", line 877, in run
    run_metadata_ptr)
  File "/clusterFS/home/student/kopp13/miniconda3/envs/tensorflow/lib/python3.5/site-packages/tensorflow/python/client/session.py", line 1100, in _run
    feed_dict_tensor, options, run_metadata)
  File "/clusterFS/home/student/kopp13/miniconda3/envs/tensorflow/lib/python3.5/site-packages/tensorflow/python/client/session.py", line 1272, in _do_run
    run_metadata)
  File "/clusterFS/home/student/kopp13/miniconda3/envs/tensorflow/lib/python3.5/site-packages/tensorflow/python/client/session.py", line 1291, in _do_call
    raise type(e)(node_def, op, message)
tensorflow.python.framework.errors_impl.NotFoundError: ; No such file or directory
	 [[Node: save/SaveV2 = SaveV2[dtypes=[DT_FLOAT, DT_FLOAT, DT_FLOAT, DT_FLOAT, DT_FLOAT, ..., DT_FLOAT, DT_FLOAT, DT_FLOAT, DT_FLOAT, DT_FLOAT], _device="/job:localhost/replica:0/task:0/device:CPU:0"](_arg_save/Const_0_0, save/SaveV2/tensor_names, save/SaveV2/shape_and_slices, lstm_0/bc, lstm_0/bi, lstm_0/bo, lstm_0/wc, lstm_0/wi, lstm_0/wo, lstm_1/bc, lstm_1/bi, lstm_1/bo, lstm_1/wc, lstm_1/wi, lstm_1/wo, output_layer/b, output_layer/w, te/LayerNorm/beta, te/LayerNorm/gamma, te/LayerNorm_1/beta, te/LayerNorm_1/gamma, te/LayerNorm_10/beta, te/LayerNorm_10/gamma, te/LayerNorm_11/beta, te/LayerNorm_11/gamma, te/LayerNorm_12/beta, te/LayerNorm_12/gamma, te/LayerNorm_13/beta, te/LayerNorm_13/gamma, te/LayerNorm_14/beta, te/LayerNorm_14/gamma, te/LayerNorm_15/beta, te/LayerNorm_15/gamma, te/LayerNorm_16/beta, te/LayerNorm_16/gamma, te/LayerNorm_17/beta, te/LayerNorm_17/gamma, te/LayerNorm_18/beta, te/LayerNorm_18/gamma, te/LayerNorm_19/beta, te/LayerNorm_19/gamma, te/LayerNorm_2/beta, te/LayerNorm_2/gamma, te/LayerNorm_20/beta, te/LayerNorm_20/gamma, te/LayerNorm_21/beta, te/LayerNorm_21/gamma, te/LayerNorm_22/beta, te/LayerNorm_22/gamma, te/LayerNorm_23/beta, te/LayerNorm_23/gamma, te/LayerNorm_24/beta, te/LayerNorm_24/gamma, te/LayerNorm_25/beta, te/LayerNorm_25/gamma, te/LayerNorm_26/beta, te/LayerNorm_26/gamma, te/LayerNorm_27/beta, te/LayerNorm_27/gamma, te/LayerNorm_28/beta, te/LayerNorm_28/gamma, te/LayerNorm_29/beta, te/LayerNorm_29/gamma, te/LayerNorm_3/beta, te/LayerNorm_3/gamma, te/LayerNorm_30/beta, te/LayerNorm_30/gamma, te/LayerNorm_31/beta, te/LayerNorm_31/gamma, te/LayerNorm_32/beta, te/LayerNorm_32/gamma, te/LayerNorm_33/beta, te/LayerNorm_33/gamma, te/LayerNorm_34/beta, te/LayerNorm_34/gamma, te/LayerNorm_35/beta, te/LayerNorm_35/gamma, te/LayerNorm_36/beta, te/LayerNorm_36/gamma, te/LayerNorm_37/beta, te/LayerNorm_37/gamma, te/LayerNorm_38/beta, te/LayerNorm_38/gamma, te/LayerNorm_39/beta, te/LayerNorm_39/gamma, te/LayerNorm_4/beta, te/LayerNorm_4/gamma, te/LayerNorm_40/beta, te/LayerNorm_40/gamma, te/LayerNorm_41/beta, te/LayerNorm_41/gamma, te/LayerNorm_42/beta, te/LayerNorm_42/gamma, te/LayerNorm_43/beta, te/LayerNorm_43/gamma, te/LayerNorm_44/beta, te/LayerNorm_44/gamma, te/LayerNorm_45/beta, te/LayerNorm_45/gamma, te/LayerNorm_46/beta, te/LayerNorm_46/gamma, te/LayerNorm_47/beta, te/LayerNorm_47/gamma, te/LayerNorm_48/beta, te/LayerNorm_48/gamma, te/LayerNorm_49/beta, te/LayerNorm_49/gamma, te/LayerNorm_5/beta, te/LayerNorm_5/gamma, te/LayerNorm_50/beta, te/LayerNorm_50/gamma, te/LayerNorm_51/beta, te/LayerNorm_51/gamma, te/LayerNorm_52/beta, te/LayerNorm_52/gamma, te/LayerNorm_53/beta, te/LayerNorm_53/gamma, te/LayerNorm_54/beta, te/LayerNorm_54/gamma, te/LayerNorm_55/beta, te/LayerNorm_55/gamma, te/LayerNorm_56/beta, te/LayerNorm_56/gamma, te/LayerNorm_57/beta, te/LayerNorm_57/gamma, te/LayerNorm_58/beta, te/LayerNorm_58/gamma, te/LayerNorm_59/beta, te/LayerNorm_59/gamma, te/LayerNorm_6/beta, te/LayerNorm_6/gamma, te/LayerNorm_60/beta, te/LayerNorm_60/gamma, te/LayerNorm_61/beta, te/LayerNorm_61/gamma, te/LayerNorm_62/beta, te/LayerNorm_62/gamma, te/LayerNorm_63/beta, te/LayerNorm_63/gamma, te/LayerNorm_64/beta, te/LayerNorm_64/gamma, te/LayerNorm_65/beta, te/LayerNorm_65/gamma, te/LayerNorm_66/beta, te/LayerNorm_66/gamma, te/LayerNorm_67/beta, te/LayerNorm_67/gamma, te/LayerNorm_68/beta, te/LayerNorm_68/gamma, te/LayerNorm_69/beta, te/LayerNorm_69/gamma, te/LayerNorm_7/beta, te/LayerNorm_7/gamma, te/LayerNorm_8/beta, te/LayerNorm_8/gamma, te/LayerNorm_9/beta, te/LayerNorm_9/gamma, training/LayerNorm/beta, training/LayerNorm/gamma, training/LayerNorm_1/beta, training/LayerNorm_1/gamma, training/LayerNorm_10/beta, training/LayerNorm_10/gamma, training/LayerNorm_11/beta, training/LayerNorm_11/gamma, training/LayerNorm_12/beta, training/LayerNorm_12/gamma, training/LayerNorm_13/beta, training/LayerNorm_13/gamma, training/LayerNorm_14/beta, training/LayerNorm_14/gamma, training/LayerNorm_15/beta, training/LayerNorm_15/gamma, training/LayerNorm_16/beta, training/LayerNorm_16/gamma, training/LayerNorm_17/beta, training/LayerNorm_17/gamma, training/LayerNorm_18/beta, training/LayerNorm_18/gamma, training/LayerNorm_19/beta, training/LayerNorm_19/gamma, training/LayerNorm_2/beta, training/LayerNorm_2/gamma, training/LayerNorm_20/beta, training/LayerNorm_20/gamma, training/LayerNorm_21/beta, training/LayerNorm_21/gamma, training/LayerNorm_22/beta, training/LayerNorm_22/gamma, training/LayerNorm_23/beta, training/LayerNorm_23/gamma, training/LayerNorm_24/beta, training/LayerNorm_24/gamma, training/LayerNorm_25/beta, training/LayerNorm_25/gamma, training/LayerNorm_26/beta, training/LayerNorm_26/gamma, training/LayerNorm_27/beta, training/LayerNorm_27/gamma, training/LayerNorm_28/beta, training/LayerNorm_28/gamma, training/LayerNorm_29/beta, training/LayerNorm_29/gamma, training/LayerNorm_3/beta, training/LayerNorm_3/gamma, training/LayerNorm_30/beta, training/LayerNorm_30/gamma, training/LayerNorm_31/beta, training/LayerNorm_31/gamma, training/LayerNorm_32/beta, training/LayerNorm_32/gamma, training/LayerNorm_33/beta, training/LayerNorm_33/gamma, training/LayerNorm_34/beta, training/LayerNorm_34/gamma, training/LayerNorm_35/beta, training/LayerNorm_35/gamma, training/LayerNorm_36/beta, training/LayerNorm_36/gamma, training/LayerNorm_37/beta, training/LayerNorm_37/gamma, training/LayerNorm_38/beta, training/LayerNorm_38/gamma, training/LayerNorm_39/beta, training/LayerNorm_39/gamma, training/LayerNorm_4/beta, training/LayerNorm_4/gamma, training/LayerNorm_40/beta, training/LayerNorm_40/gamma, training/LayerNorm_41/beta, training/LayerNorm_41/gamma, training/LayerNorm_42/beta, training/LayerNorm_42/gamma, training/LayerNorm_43/beta, training/LayerNorm_43/gamma, training/LayerNorm_44/beta, training/LayerNorm_44/gamma, training/LayerNorm_45/beta, training/LayerNorm_45/gamma, training/LayerNorm_46/beta, training/LayerNorm_46/gamma, training/LayerNorm_47/beta, training/LayerNorm_47/gamma, training/LayerNorm_48/beta, training/LayerNorm_48/gamma, training/LayerNorm_49/beta, training/LayerNorm_49/gamma, training/LayerNorm_5/beta, training/LayerNorm_5/gamma, training/LayerNorm_50/beta, training/LayerNorm_50/gamma, training/LayerNorm_51/beta, training/LayerNorm_51/gamma, training/LayerNorm_52/beta, training/LayerNorm_52/gamma, training/LayerNorm_53/beta, training/LayerNorm_53/gamma, training/LayerNorm_54/beta, training/LayerNorm_54/gamma, training/LayerNorm_55/beta, training/LayerNorm_55/gamma, training/LayerNorm_56/beta, training/LayerNorm_56/gamma, training/LayerNorm_57/beta, training/LayerNorm_57/gamma, training/LayerNorm_58/beta, training/LayerNorm_58/gamma, training/LayerNorm_59/beta, training/LayerNorm_59/gamma, training/LayerNorm_6/beta, training/LayerNorm_6/gamma, training/LayerNorm_60/beta, training/LayerNorm_60/gamma, training/LayerNorm_61/beta, training/LayerNorm_61/gamma, training/LayerNorm_62/beta, training/LayerNorm_62/gamma, training/LayerNorm_63/beta, training/LayerNorm_63/gamma, training/LayerNorm_64/beta, training/LayerNorm_64/gamma, training/LayerNorm_65/beta, training/LayerNorm_65/gamma, training/LayerNorm_66/beta, training/LayerNorm_66/gamma, training/LayerNorm_67/beta, training/LayerNorm_67/gamma, training/LayerNorm_68/beta, training/LayerNorm_68/gamma, training/LayerNorm_69/beta, training/LayerNorm_69/gamma, training/LayerNorm_7/beta, training/LayerNorm_7/gamma, training/LayerNorm_8/beta, training/LayerNorm_8/gamma, training/LayerNorm_9/beta, training/LayerNorm_9/gamma, va/LayerNorm/beta, va/LayerNorm/gamma, va/LayerNorm_1/beta, va/LayerNorm_1/gamma, va/LayerNorm_10/beta, va/LayerNorm_10/gamma, va/LayerNorm_11/beta, va/LayerNorm_11/gamma, va/LayerNorm_12/beta, va/LayerNorm_12/gamma, va/LayerNorm_13/beta, va/LayerNorm_13/gamma, va/LayerNorm_14/beta, va/LayerNorm_14/gamma, va/LayerNorm_15/beta, va/LayerNorm_15/gamma, va/LayerNorm_16/beta, va/LayerNorm_16/gamma, va/LayerNorm_17/beta, va/LayerNorm_17/gamma, va/LayerNorm_18/beta, va/LayerNorm_18/gamma, va/LayerNorm_19/beta, va/LayerNorm_19/gamma, va/LayerNorm_2/beta, va/LayerNorm_2/gamma, va/LayerNorm_20/beta, va/LayerNorm_20/gamma, va/LayerNorm_21/beta, va/LayerNorm_21/gamma, va/LayerNorm_22/beta, va/LayerNorm_22/gamma, va/LayerNorm_23/beta, va/LayerNorm_23/gamma, va/LayerNorm_24/beta, va/LayerNorm_24/gamma, va/LayerNorm_25/beta, va/LayerNorm_25/gamma, va/LayerNorm_26/beta, va/LayerNorm_26/gamma, va/LayerNorm_27/beta, va/LayerNorm_27/gamma, va/LayerNorm_28/beta, va/LayerNorm_28/gamma, va/LayerNorm_29/beta, va/LayerNorm_29/gamma, va/LayerNorm_3/beta, va/LayerNorm_3/gamma, va/LayerNorm_30/beta, va/LayerNorm_30/gamma, va/LayerNorm_31/beta, va/LayerNorm_31/gamma, va/LayerNorm_32/beta, va/LayerNorm_32/gamma, va/LayerNorm_33/beta, va/LayerNorm_33/gamma, va/LayerNorm_34/beta, va/LayerNorm_34/gamma, va/LayerNorm_35/beta, va/LayerNorm_35/gamma, va/LayerNorm_36/beta, va/LayerNorm_36/gamma, va/LayerNorm_37/beta, va/LayerNorm_37/gamma, va/LayerNorm_38/beta, va/LayerNorm_38/gamma, va/LayerNorm_39/beta, va/LayerNorm_39/gamma, va/LayerNorm_4/beta, va/LayerNorm_4/gamma, va/LayerNorm_40/beta, va/LayerNorm_40/gamma, va/LayerNorm_41/beta, va/LayerNorm_41/gamma, va/LayerNorm_42/beta, va/LayerNorm_42/gamma, va/LayerNorm_43/beta, va/LayerNorm_43/gamma, va/LayerNorm_44/beta, va/LayerNorm_44/gamma, va/LayerNorm_45/beta, va/LayerNorm_45/gamma, va/LayerNorm_46/beta, va/LayerNorm_46/gamma, va/LayerNorm_47/beta, va/LayerNorm_47/gamma, va/LayerNorm_48/beta, va/LayerNorm_48/gamma, va/LayerNorm_49/beta, va/LayerNorm_49/gamma, va/LayerNorm_5/beta, va/LayerNorm_5/gamma, va/LayerNorm_50/beta, va/LayerNorm_50/gamma, va/LayerNorm_51/beta, va/LayerNorm_51/gamma, va/LayerNorm_52/beta, va/LayerNorm_52/gamma, va/LayerNorm_53/beta, va/LayerNorm_53/gamma, va/LayerNorm_54/beta, va/LayerNorm_54/gamma, va/LayerNorm_55/beta, va/LayerNorm_55/gamma, va/LayerNorm_56/beta, va/LayerNorm_56/gamma, va/LayerNorm_57/beta, va/LayerNorm_57/gamma, va/LayerNorm_58/beta, va/LayerNorm_58/gamma, va/LayerNorm_59/beta, va/LayerNorm_59/gamma, va/LayerNorm_6/beta, va/LayerNorm_6/gamma, va/LayerNorm_60/beta, va/LayerNorm_60/gamma, va/LayerNorm_61/beta, va/LayerNorm_61/gamma, va/LayerNorm_62/beta, va/LayerNorm_62/gamma, va/LayerNorm_63/beta, va/LayerNorm_63/gamma, va/LayerNorm_64/beta, va/LayerNorm_64/gamma, va/LayerNorm_65/beta, va/LayerNorm_65/gamma, va/LayerNorm_66/beta, va/LayerNorm_66/gamma, va/LayerNorm_67/beta, va/LayerNorm_67/gamma, va/LayerNorm_68/beta, va/LayerNorm_68/gamma, va/LayerNorm_69/beta, va/LayerNorm_69/gamma, va/LayerNorm_7/beta, va/LayerNorm_7/gamma, va/LayerNorm_8/beta, va/LayerNorm_8/gamma, va/LayerNorm_9/beta, va/LayerNorm_9/gamma)]]

Caused by op 'save/SaveV2', defined at:
  File "../exps/sitest.py", line 116, in <module>
    result_dicts.append(experiment.train())
  File "../src/experiment.py", line 73, in train
    model_saver = tf.train.Saver(tf.trainable_variables())
  File "/clusterFS/home/student/kopp13/miniconda3/envs/tensorflow/lib/python3.5/site-packages/tensorflow/python/training/saver.py", line 1281, in __init__
    self.build()
  File "/clusterFS/home/student/kopp13/miniconda3/envs/tensorflow/lib/python3.5/site-packages/tensorflow/python/training/saver.py", line 1293, in build
    self._build(self._filename, build_save=True, build_restore=True)
  File "/clusterFS/home/student/kopp13/miniconda3/envs/tensorflow/lib/python3.5/site-packages/tensorflow/python/training/saver.py", line 1330, in _build
    build_save=build_save, build_restore=build_restore)
  File "/clusterFS/home/student/kopp13/miniconda3/envs/tensorflow/lib/python3.5/site-packages/tensorflow/python/training/saver.py", line 775, in _build_internal
    save_tensor = self._AddSaveOps(filename_tensor, saveables)
  File "/clusterFS/home/student/kopp13/miniconda3/envs/tensorflow/lib/python3.5/site-packages/tensorflow/python/training/saver.py", line 275, in _AddSaveOps
    save = self.save_op(filename_tensor, saveables)
  File "/clusterFS/home/student/kopp13/miniconda3/envs/tensorflow/lib/python3.5/site-packages/tensorflow/python/training/saver.py", line 193, in save_op
    tensors)
  File "/clusterFS/home/student/kopp13/miniconda3/envs/tensorflow/lib/python3.5/site-packages/tensorflow/python/ops/gen_io_ops.py", line 1687, in save_v2
    shape_and_slices=shape_and_slices, tensors=tensors, name=name)
  File "/clusterFS/home/student/kopp13/miniconda3/envs/tensorflow/lib/python3.5/site-packages/tensorflow/python/framework/op_def_library.py", line 787, in _apply_op_helper
    op_def=op_def)
  File "/clusterFS/home/student/kopp13/miniconda3/envs/tensorflow/lib/python3.5/site-packages/tensorflow/python/util/deprecation.py", line 454, in new_func
    return func(*args, **kwargs)
  File "/clusterFS/home/student/kopp13/miniconda3/envs/tensorflow/lib/python3.5/site-packages/tensorflow/python/framework/ops.py", line 3155, in create_op
    op_def=op_def)
  File "/clusterFS/home/student/kopp13/miniconda3/envs/tensorflow/lib/python3.5/site-packages/tensorflow/python/framework/ops.py", line 1717, in __init__
    self._traceback = tf_stack.extract_stack()

NotFoundError (see above for traceback): ; No such file or directory
	 [[Node: save/SaveV2 = SaveV2[dtypes=[DT_FLOAT, DT_FLOAT, DT_FLOAT, DT_FLOAT, DT_FLOAT, ..., DT_FLOAT, DT_FLOAT, DT_FLOAT, DT_FLOAT, DT_FLOAT], _device="/job:localhost/replica:0/task:0/device:CPU:0"](_arg_save/Const_0_0, save/SaveV2/tensor_names, save/SaveV2/shape_and_slices, lstm_0/bc, lstm_0/bi, lstm_0/bo, lstm_0/wc, lstm_0/wi, lstm_0/wo, lstm_1/bc, lstm_1/bi, lstm_1/bo, lstm_1/wc, lstm_1/wi, lstm_1/wo, output_layer/b, output_layer/w, te/LayerNorm/beta, te/LayerNorm/gamma, te/LayerNorm_1/beta, te/LayerNorm_1/gamma, te/LayerNorm_10/beta, te/LayerNorm_10/gamma, te/LayerNorm_11/beta, te/LayerNorm_11/gamma, te/LayerNorm_12/beta, te/LayerNorm_12/gamma, te/LayerNorm_13/beta, te/LayerNorm_13/gamma, te/LayerNorm_14/beta, te/LayerNorm_14/gamma, te/LayerNorm_15/beta, te/LayerNorm_15/gamma, te/LayerNorm_16/beta, te/LayerNorm_16/gamma, te/LayerNorm_17/beta, te/LayerNorm_17/gamma, te/LayerNorm_18/beta, te/LayerNorm_18/gamma, te/LayerNorm_19/beta, te/LayerNorm_19/gamma, te/LayerNorm_2/beta, te/LayerNorm_2/gamma, te/LayerNorm_20/beta, te/LayerNorm_20/gamma, te/LayerNorm_21/beta, te/LayerNorm_21/gamma, te/LayerNorm_22/beta, te/LayerNorm_22/gamma, te/LayerNorm_23/beta, te/LayerNorm_23/gamma, te/LayerNorm_24/beta, te/LayerNorm_24/gamma, te/LayerNorm_25/beta, te/LayerNorm_25/gamma, te/LayerNorm_26/beta, te/LayerNorm_26/gamma, te/LayerNorm_27/beta, te/LayerNorm_27/gamma, te/LayerNorm_28/beta, te/LayerNorm_28/gamma, te/LayerNorm_29/beta, te/LayerNorm_29/gamma, te/LayerNorm_3/beta, te/LayerNorm_3/gamma, te/LayerNorm_30/beta, te/LayerNorm_30/gamma, te/LayerNorm_31/beta, te/LayerNorm_31/gamma, te/LayerNorm_32/beta, te/LayerNorm_32/gamma, te/LayerNorm_33/beta, te/LayerNorm_33/gamma, te/LayerNorm_34/beta, te/LayerNorm_34/gamma, te/LayerNorm_35/beta, te/LayerNorm_35/gamma, te/LayerNorm_36/beta, te/LayerNorm_36/gamma, te/LayerNorm_37/beta, te/LayerNorm_37/gamma, te/LayerNorm_38/beta, te/LayerNorm_38/gamma, te/LayerNorm_39/beta, te/LayerNorm_39/gamma, te/LayerNorm_4/beta, te/LayerNorm_4/gamma, te/LayerNorm_40/beta, te/LayerNorm_40/gamma, te/LayerNorm_41/beta, te/LayerNorm_41/gamma, te/LayerNorm_42/beta, te/LayerNorm_42/gamma, te/LayerNorm_43/beta, te/LayerNorm_43/gamma, te/LayerNorm_44/beta, te/LayerNorm_44/gamma, te/LayerNorm_45/beta, te/LayerNorm_45/gamma, te/LayerNorm_46/beta, te/LayerNorm_46/gamma, te/LayerNorm_47/beta, te/LayerNorm_47/gamma, te/LayerNorm_48/beta, te/LayerNorm_48/gamma, te/LayerNorm_49/beta, te/LayerNorm_49/gamma, te/LayerNorm_5/beta, te/LayerNorm_5/gamma, te/LayerNorm_50/beta, te/LayerNorm_50/gamma, te/LayerNorm_51/beta, te/LayerNorm_51/gamma, te/LayerNorm_52/beta, te/LayerNorm_52/gamma, te/LayerNorm_53/beta, te/LayerNorm_53/gamma, te/LayerNorm_54/beta, te/LayerNorm_54/gamma, te/LayerNorm_55/beta, te/LayerNorm_55/gamma, te/LayerNorm_56/beta, te/LayerNorm_56/gamma, te/LayerNorm_57/beta, te/LayerNorm_57/gamma, te/LayerNorm_58/beta, te/LayerNorm_58/gamma, te/LayerNorm_59/beta, te/LayerNorm_59/gamma, te/LayerNorm_6/beta, te/LayerNorm_6/gamma, te/LayerNorm_60/beta, te/LayerNorm_60/gamma, te/LayerNorm_61/beta, te/LayerNorm_61/gamma, te/LayerNorm_62/beta, te/LayerNorm_62/gamma, te/LayerNorm_63/beta, te/LayerNorm_63/gamma, te/LayerNorm_64/beta, te/LayerNorm_64/gamma, te/LayerNorm_65/beta, te/LayerNorm_65/gamma, te/LayerNorm_66/beta, te/LayerNorm_66/gamma, te/LayerNorm_67/beta, te/LayerNorm_67/gamma, te/LayerNorm_68/beta, te/LayerNorm_68/gamma, te/LayerNorm_69/beta, te/LayerNorm_69/gamma, te/LayerNorm_7/beta, te/LayerNorm_7/gamma, te/LayerNorm_8/beta, te/LayerNorm_8/gamma, te/LayerNorm_9/beta, te/LayerNorm_9/gamma, training/LayerNorm/beta, training/LayerNorm/gamma, training/LayerNorm_1/beta, training/LayerNorm_1/gamma, training/LayerNorm_10/beta, training/LayerNorm_10/gamma, training/LayerNorm_11/beta, training/LayerNorm_11/gamma, training/LayerNorm_12/beta, training/LayerNorm_12/gamma, training/LayerNorm_13/beta, training/LayerNorm_13/gamma, training/LayerNorm_14/beta, training/LayerNorm_14/gamma, training/LayerNorm_15/beta, training/LayerNorm_15/gamma, training/LayerNorm_16/beta, training/LayerNorm_16/gamma, training/LayerNorm_17/beta, training/LayerNorm_17/gamma, training/LayerNorm_18/beta, training/LayerNorm_18/gamma, training/LayerNorm_19/beta, training/LayerNorm_19/gamma, training/LayerNorm_2/beta, training/LayerNorm_2/gamma, training/LayerNorm_20/beta, training/LayerNorm_20/gamma, training/LayerNorm_21/beta, training/LayerNorm_21/gamma, training/LayerNorm_22/beta, training/LayerNorm_22/gamma, training/LayerNorm_23/beta, training/LayerNorm_23/gamma, training/LayerNorm_24/beta, training/LayerNorm_24/gamma, training/LayerNorm_25/beta, training/LayerNorm_25/gamma, training/LayerNorm_26/beta, training/LayerNorm_26/gamma, training/LayerNorm_27/beta, training/LayerNorm_27/gamma, training/LayerNorm_28/beta, training/LayerNorm_28/gamma, training/LayerNorm_29/beta, training/LayerNorm_29/gamma, training/LayerNorm_3/beta, training/LayerNorm_3/gamma, training/LayerNorm_30/beta, training/LayerNorm_30/gamma, training/LayerNorm_31/beta, training/LayerNorm_31/gamma, training/LayerNorm_32/beta, training/LayerNorm_32/gamma, training/LayerNorm_33/beta, training/LayerNorm_33/gamma, training/LayerNorm_34/beta, training/LayerNorm_34/gamma, training/LayerNorm_35/beta, training/LayerNorm_35/gamma, training/LayerNorm_36/beta, training/LayerNorm_36/gamma, training/LayerNorm_37/beta, training/LayerNorm_37/gamma, training/LayerNorm_38/beta, training/LayerNorm_38/gamma, training/LayerNorm_39/beta, training/LayerNorm_39/gamma, training/LayerNorm_4/beta, training/LayerNorm_4/gamma, training/LayerNorm_40/beta, training/LayerNorm_40/gamma, training/LayerNorm_41/beta, training/LayerNorm_41/gamma, training/LayerNorm_42/beta, training/LayerNorm_42/gamma, training/LayerNorm_43/beta, training/LayerNorm_43/gamma, training/LayerNorm_44/beta, training/LayerNorm_44/gamma, training/LayerNorm_45/beta, training/LayerNorm_45/gamma, training/LayerNorm_46/beta, training/LayerNorm_46/gamma, training/LayerNorm_47/beta, training/LayerNorm_47/gamma, training/LayerNorm_48/beta, training/LayerNorm_48/gamma, training/LayerNorm_49/beta, training/LayerNorm_49/gamma, training/LayerNorm_5/beta, training/LayerNorm_5/gamma, training/LayerNorm_50/beta, training/LayerNorm_50/gamma, training/LayerNorm_51/beta, training/LayerNorm_51/gamma, training/LayerNorm_52/beta, training/LayerNorm_52/gamma, training/LayerNorm_53/beta, training/LayerNorm_53/gamma, training/LayerNorm_54/beta, training/LayerNorm_54/gamma, training/LayerNorm_55/beta, training/LayerNorm_55/gamma, training/LayerNorm_56/beta, training/LayerNorm_56/gamma, training/LayerNorm_57/beta, training/LayerNorm_57/gamma, training/LayerNorm_58/beta, training/LayerNorm_58/gamma, training/LayerNorm_59/beta, training/LayerNorm_59/gamma, training/LayerNorm_6/beta, training/LayerNorm_6/gamma, training/LayerNorm_60/beta, training/LayerNorm_60/gamma, training/LayerNorm_61/beta, training/LayerNorm_61/gamma, training/LayerNorm_62/beta, training/LayerNorm_62/gamma, training/LayerNorm_63/beta, training/LayerNorm_63/gamma, training/LayerNorm_64/beta, training/LayerNorm_64/gamma, training/LayerNorm_65/beta, training/LayerNorm_65/gamma, training/LayerNorm_66/beta, training/LayerNorm_66/gamma, training/LayerNorm_67/beta, training/LayerNorm_67/gamma, training/LayerNorm_68/beta, training/LayerNorm_68/gamma, training/LayerNorm_69/beta, training/LayerNorm_69/gamma, training/LayerNorm_7/beta, training/LayerNorm_7/gamma, training/LayerNorm_8/beta, training/LayerNorm_8/gamma, training/LayerNorm_9/beta, training/LayerNorm_9/gamma, va/LayerNorm/beta, va/LayerNorm/gamma, va/LayerNorm_1/beta, va/LayerNorm_1/gamma, va/LayerNorm_10/beta, va/LayerNorm_10/gamma, va/LayerNorm_11/beta, va/LayerNorm_11/gamma, va/LayerNorm_12/beta, va/LayerNorm_12/gamma, va/LayerNorm_13/beta, va/LayerNorm_13/gamma, va/LayerNorm_14/beta, va/LayerNorm_14/gamma, va/LayerNorm_15/beta, va/LayerNorm_15/gamma, va/LayerNorm_16/beta, va/LayerNorm_16/gamma, va/LayerNorm_17/beta, va/LayerNorm_17/gamma, va/LayerNorm_18/beta, va/LayerNorm_18/gamma, va/LayerNorm_19/beta, va/LayerNorm_19/gamma, va/LayerNorm_2/beta, va/LayerNorm_2/gamma, va/LayerNorm_20/beta, va/LayerNorm_20/gamma, va/LayerNorm_21/beta, va/LayerNorm_21/gamma, va/LayerNorm_22/beta, va/LayerNorm_22/gamma, va/LayerNorm_23/beta, va/LayerNorm_23/gamma, va/LayerNorm_24/beta, va/LayerNorm_24/gamma, va/LayerNorm_25/beta, va/LayerNorm_25/gamma, va/LayerNorm_26/beta, va/LayerNorm_26/gamma, va/LayerNorm_27/beta, va/LayerNorm_27/gamma, va/LayerNorm_28/beta, va/LayerNorm_28/gamma, va/LayerNorm_29/beta, va/LayerNorm_29/gamma, va/LayerNorm_3/beta, va/LayerNorm_3/gamma, va/LayerNorm_30/beta, va/LayerNorm_30/gamma, va/LayerNorm_31/beta, va/LayerNorm_31/gamma, va/LayerNorm_32/beta, va/LayerNorm_32/gamma, va/LayerNorm_33/beta, va/LayerNorm_33/gamma, va/LayerNorm_34/beta, va/LayerNorm_34/gamma, va/LayerNorm_35/beta, va/LayerNorm_35/gamma, va/LayerNorm_36/beta, va/LayerNorm_36/gamma, va/LayerNorm_37/beta, va/LayerNorm_37/gamma, va/LayerNorm_38/beta, va/LayerNorm_38/gamma, va/LayerNorm_39/beta, va/LayerNorm_39/gamma, va/LayerNorm_4/beta, va/LayerNorm_4/gamma, va/LayerNorm_40/beta, va/LayerNorm_40/gamma, va/LayerNorm_41/beta, va/LayerNorm_41/gamma, va/LayerNorm_42/beta, va/LayerNorm_42/gamma, va/LayerNorm_43/beta, va/LayerNorm_43/gamma, va/LayerNorm_44/beta, va/LayerNorm_44/gamma, va/LayerNorm_45/beta, va/LayerNorm_45/gamma, va/LayerNorm_46/beta, va/LayerNorm_46/gamma, va/LayerNorm_47/beta, va/LayerNorm_47/gamma, va/LayerNorm_48/beta, va/LayerNorm_48/gamma, va/LayerNorm_49/beta, va/LayerNorm_49/gamma, va/LayerNorm_5/beta, va/LayerNorm_5/gamma, va/LayerNorm_50/beta, va/LayerNorm_50/gamma, va/LayerNorm_51/beta, va/LayerNorm_51/gamma, va/LayerNorm_52/beta, va/LayerNorm_52/gamma, va/LayerNorm_53/beta, va/LayerNorm_53/gamma, va/LayerNorm_54/beta, va/LayerNorm_54/gamma, va/LayerNorm_55/beta, va/LayerNorm_55/gamma, va/LayerNorm_56/beta, va/LayerNorm_56/gamma, va/LayerNorm_57/beta, va/LayerNorm_57/gamma, va/LayerNorm_58/beta, va/LayerNorm_58/gamma, va/LayerNorm_59/beta, va/LayerNorm_59/gamma, va/LayerNorm_6/beta, va/LayerNorm_6/gamma, va/LayerNorm_60/beta, va/LayerNorm_60/gamma, va/LayerNorm_61/beta, va/LayerNorm_61/gamma, va/LayerNorm_62/beta, va/LayerNorm_62/gamma, va/LayerNorm_63/beta, va/LayerNorm_63/gamma, va/LayerNorm_64/beta, va/LayerNorm_64/gamma, va/LayerNorm_65/beta, va/LayerNorm_65/gamma, va/LayerNorm_66/beta, va/LayerNorm_66/gamma, va/LayerNorm_67/beta, va/LayerNorm_67/gamma, va/LayerNorm_68/beta, va/LayerNorm_68/gamma, va/LayerNorm_69/beta, va/LayerNorm_69/gamma, va/LayerNorm_7/beta, va/LayerNorm_7/gamma, va/LayerNorm_8/beta, va/LayerNorm_8/gamma, va/LayerNorm_9/beta, va/LayerNorm_9/gamma)]]


During handling of the above exception, another exception occurred:

Traceback (most recent call last):
  File "../exps/sitest.py", line 116, in <module>
    result_dicts.append(experiment.train())
  File "../src/experiment.py", line 104, in train
    model_saver.save(sess, self.info_config['save_model']['path'])
  File "/clusterFS/home/student/kopp13/miniconda3/envs/tensorflow/lib/python3.5/site-packages/tensorflow/python/training/saver.py", line 1637, in save
    raise exc
ValueError: Parent directory of si_model doesn't exist, can't save.
